<?xml version="1.0" encoding="UTF-8"?>
<!-- Generated by org.testng.reporters.JUnitXMLReporter -->
<testsuite ignored="0" hostname="DESKTOP-9UDN708" failures="0" tests="5" name="Test" time="37.397" errors="0" timestamp="2024-11-15T12:38:12 IST">
  <testcase classname="tests.TwoTest" name="testTwo" time="6.021"/>
  <testcase classname="tests.LoginTest" name="login" time="1.138"/>
  <testcase classname="tests.LoginTest" name="login" time="10.813"/>
  <testcase classname="tests.ThreeTest" name="testThree" time="3.558"/>
  <testcase classname="tests.FourTest" name="testFour" time="3.329"/>
</testsuite> <!-- Test -->
